<?xml version="1.0" encoding="UTF-8"?>
<!-- Generated by org.testng.reporters.JUnitReportReporter -->
<testsuite skipped="0" hostname="DESKTOP-8V1D3QI" name="demo.sample123.DemoClass" tests="1" failures="0" timestamp="14 Dec 2018 10:18:54 GMT" time="0.018" errors="0">
  <testcase name="a" time="0.018" classname="demo.sample123.DemoClass"/>
</testsuite> <!-- demo.sample123.DemoClass -->
